2026-06-11 13:49:54 | INFO     | main | ============================================================
2026-06-11 13:49:54 | INFO     | main |   SPORTS DATA PIPELINE — STARTING RUN
2026-06-11 13:49:54 | INFO     | main | ============================================================
2026-06-11 13:49:54 | INFO     | main | Configuration loaded: sport=football
2026-06-11 13:49:54 | INFO     | pipeline.fetcher | Fetching football data: competition=PL
2026-06-11 13:49:57 | INFO     | pipeline.fetcher | Raw snapshot saved to data/raw/football_raw_2026-06-11.json
2026-06-11 13:49:57 | INFO     | main | Raw data fetched: 25 rows
2026-06-11 13:49:57 | INFO     | pipeline.processor | Processing football data
2026-06-11 13:49:57 | INFO     | pipeline.processor | Duplicates removed: 25 → 20 rows
2026-06-11 13:49:57 | INFO     | pipeline.processor | Schema validation passed
2026-06-11 13:49:57 | INFO     | pipeline.processor | Engineered 27 features
2026-06-11 13:49:57 | INFO     | main | Data processed: 20 rows, 29 features
2026-06-11 13:49:57 | INFO     | pipeline.storage | CSV (latest) saved: data/processed/football_data_latest.csv
2026-06-11 13:49:57 | INFO     | pipeline.storage | CSV (archive) saved: data/processed/football_data_2026-06-11.csv
2026-06-11 13:50:28 | INFO     | main | ============================================================
2026-06-11 13:50:28 | INFO     | main |   SPORTS DATA PIPELINE — STARTING RUN
2026-06-11 13:50:28 | INFO     | main | ============================================================
2026-06-11 13:50:28 | INFO     | main | Configuration loaded: sport=football
2026-06-11 13:50:28 | INFO     | pipeline.fetcher | Fetching football data: competition=PL
2026-06-11 13:50:28 | INFO     | pipeline.fetcher | Raw snapshot saved to data/raw/football_raw_2026-06-11.json
2026-06-11 13:50:28 | INFO     | main | Raw data fetched: 25 rows
2026-06-11 13:50:28 | INFO     | pipeline.processor | Processing football data
2026-06-11 13:50:28 | INFO     | pipeline.processor | Duplicates removed: 25 → 20 rows
2026-06-11 13:50:28 | INFO     | pipeline.processor | Schema validation passed
2026-06-11 13:50:28 | INFO     | pipeline.processor | Engineered 27 features
2026-06-11 13:50:28 | INFO     | main | Data processed: 20 rows, 29 features
2026-06-11 13:50:28 | INFO     | pipeline.storage | CSV (latest) saved: data/processed/football_data_latest.csv
2026-06-11 13:50:28 | INFO     | pipeline.storage | Archive for today already exists, skipping: data/processed/football_data_2026-06-11.csv
2026-06-11 13:50:28 | WARNING  | pipeline.storage | Parquet engine (pyarrow/fastparquet) not installed — skipping Parquet output. Install pyarrow to enable: pip install pyarrow
2026-06-11 13:50:29 | INFO     | pipeline.reporter | Chart saved: reports/chart_points_table.png
2026-06-11 13:50:29 | INFO     | pipeline.reporter | Chart saved: reports/chart_attack_defence.png
2026-06-11 13:50:29 | INFO     | pipeline.reporter | Chart saved: reports/chart_pythagorean.png
2026-06-11 13:50:29 | INFO     | pipeline.reporter | HTML report saved: reports/pipeline_report.html
2026-06-11 13:50:29 | INFO     | main | ============================================================
2026-06-11 13:50:29 | INFO     | main |   PIPELINE COMPLETED SUCCESSFULLY
2026-06-11 13:50:29 | INFO     | main | ============================================================
2026-06-11 08:53:28 | INFO     | main | ============================================================
2026-06-11 08:53:28 | INFO     | main |   SPORTS DATA PIPELINE — STARTING RUN
2026-06-11 08:53:28 | INFO     | main | ============================================================
2026-06-11 08:53:28 | INFO     | main | Configuration loaded: sport=football
2026-06-11 08:53:28 | INFO     | pipeline.fetcher | Fetching football data: competition=PL
2026-06-11 08:53:28 | INFO     | pipeline.fetcher | Raw snapshot saved to data/raw/football_raw_2026-06-11.json
2026-06-11 08:53:28 | INFO     | main | Raw data fetched: 25 rows
2026-06-11 08:53:28 | INFO     | pipeline.processor | Processing football data
2026-06-11 08:53:28 | INFO     | pipeline.processor | Duplicates removed: 25 → 20 rows
2026-06-11 08:53:28 | INFO     | pipeline.processor | Schema validation passed
2026-06-11 08:53:28 | INFO     | pipeline.processor | Engineered 27 features
2026-06-11 08:53:28 | INFO     | main | Data processed: 20 rows, 29 features
2026-06-11 08:53:28 | INFO     | pipeline.storage | CSV (latest) saved: data/processed/football_data_latest.csv
2026-06-11 08:53:28 | INFO     | pipeline.storage | Archive for today already exists, skipping: data/processed/football_data_2026-06-11.csv
2026-06-11 08:53:28 | WARNING  | pipeline.storage | Parquet engine (pyarrow/fastparquet) not installed — skipping Parquet output. Install pyarrow to enable: pip install pyarrow
2026-06-11 08:53:28 | INFO     | pipeline.reporter | Chart saved: reports/chart_points_table.png
2026-06-11 08:53:28 | INFO     | pipeline.reporter | Chart saved: reports/chart_attack_defence.png
2026-06-11 08:53:28 | INFO     | pipeline.reporter | Chart saved: reports/chart_pythagorean.png
2026-06-11 08:53:28 | INFO     | pipeline.reporter | HTML report saved: reports/pipeline_report.html
2026-06-11 08:53:28 | INFO     | main | ============================================================
2026-06-11 08:53:28 | INFO     | main |   PIPELINE COMPLETED SUCCESSFULLY
2026-06-11 08:53:28 | INFO     | main | ============================================================
2026-06-12 02:49:29 | INFO     | main | ============================================================
2026-06-12 02:49:29 | INFO     | main |   SPORTS DATA PIPELINE — STARTING RUN
2026-06-12 02:49:29 | INFO     | main | ============================================================
2026-06-12 02:49:29 | INFO     | main | Configuration loaded: sport=football
2026-06-12 02:49:29 | INFO     | pipeline.fetcher | Fetching football data: competition=PL
2026-06-12 02:49:30 | INFO     | pipeline.fetcher | Raw snapshot saved to data/raw/football_raw_2026-06-12.json
2026-06-12 02:49:30 | INFO     | main | Raw data fetched: 25 rows
2026-06-12 02:49:30 | INFO     | pipeline.processor | Processing football data
2026-06-12 02:49:30 | INFO     | pipeline.processor | Duplicates removed: 25 → 20 rows
2026-06-12 02:49:30 | INFO     | pipeline.processor | Schema validation passed
2026-06-12 02:49:30 | INFO     | pipeline.processor | Engineered 27 features
2026-06-12 02:49:30 | INFO     | main | Data processed: 20 rows, 29 features
2026-06-12 02:49:30 | INFO     | pipeline.storage | CSV (latest) saved: data/processed/football_data_latest.csv
2026-06-12 02:49:30 | INFO     | pipeline.storage | CSV (archive) saved: data/processed/football_data_2026-06-12.csv
2026-06-12 02:49:30 | WARNING  | pipeline.storage | Parquet engine (pyarrow/fastparquet) not installed — skipping Parquet output. Install pyarrow to enable: pip install pyarrow
2026-06-12 02:49:30 | INFO     | pipeline.reporter | Chart saved: reports/chart_points_table.png
2026-06-12 02:49:30 | INFO     | pipeline.reporter | Chart saved: reports/chart_attack_defence.png
2026-06-12 02:49:31 | INFO     | pipeline.reporter | Chart saved: reports/chart_pythagorean.png
2026-06-12 02:49:31 | INFO     | pipeline.reporter | HTML report saved: reports/pipeline_report.html
2026-06-12 02:49:31 | INFO     | main | ============================================================
2026-06-12 02:49:31 | INFO     | main |   PIPELINE COMPLETED SUCCESSFULLY
2026-06-12 02:49:31 | INFO     | main | ============================================================
2026-06-13 02:41:52 | INFO     | main | ============================================================
2026-06-13 02:41:52 | INFO     | main |   SPORTS DATA PIPELINE — STARTING RUN
2026-06-13 02:41:52 | INFO     | main | ============================================================
2026-06-13 02:41:52 | INFO     | main | Configuration loaded: sport=football
2026-06-13 02:41:52 | INFO     | pipeline.fetcher | Fetching football data: competition=PL
2026-06-13 02:41:55 | INFO     | pipeline.fetcher | Raw snapshot saved to data/raw/football_raw_2026-06-13.json
2026-06-13 02:41:55 | INFO     | main | Raw data fetched: 25 rows
2026-06-13 02:41:55 | INFO     | pipeline.processor | Processing football data
2026-06-13 02:41:55 | INFO     | pipeline.processor | Duplicates removed: 25 → 20 rows
2026-06-13 02:41:55 | INFO     | pipeline.processor | Schema validation passed
2026-06-13 02:41:55 | INFO     | pipeline.processor | Engineered 27 features
2026-06-13 02:41:55 | INFO     | main | Data processed: 20 rows, 29 features
2026-06-13 02:41:55 | INFO     | pipeline.storage | CSV (latest) saved: data/processed/football_data_latest.csv
2026-06-13 02:41:55 | INFO     | pipeline.storage | CSV (archive) saved: data/processed/football_data_2026-06-13.csv
2026-06-13 02:41:55 | WARNING  | pipeline.storage | Parquet engine (pyarrow/fastparquet) not installed — skipping Parquet output. Install pyarrow to enable: pip install pyarrow
2026-06-13 02:41:55 | INFO     | pipeline.reporter | Chart saved: reports/chart_points_table.png
2026-06-13 02:41:55 | INFO     | pipeline.reporter | Chart saved: reports/chart_attack_defence.png
2026-06-13 02:41:55 | INFO     | pipeline.reporter | Chart saved: reports/chart_pythagorean.png
2026-06-13 02:41:55 | INFO     | pipeline.reporter | HTML report saved: reports/pipeline_report.html
2026-06-13 02:41:55 | INFO     | main | ============================================================
2026-06-13 02:41:55 | INFO     | main |   PIPELINE COMPLETED SUCCESSFULLY
2026-06-13 02:41:55 | INFO     | main | ============================================================
2026-06-14 02:53:21 | INFO     | main | ============================================================
2026-06-14 02:53:21 | INFO     | main |   SPORTS DATA PIPELINE — STARTING RUN
2026-06-14 02:53:21 | INFO     | main | ============================================================
2026-06-14 02:53:21 | INFO     | main | Configuration loaded: sport=football
2026-06-14 02:53:21 | INFO     | pipeline.fetcher | Fetching football data: competition=PL
2026-06-14 02:53:24 | INFO     | pipeline.fetcher | Raw snapshot saved to data/raw/football_raw_2026-06-14.json
2026-06-14 02:53:24 | INFO     | main | Raw data fetched: 25 rows
2026-06-14 02:53:24 | INFO     | pipeline.processor | Processing football data
2026-06-14 02:53:24 | INFO     | pipeline.processor | Duplicates removed: 25 → 20 rows
2026-06-14 02:53:24 | INFO     | pipeline.processor | Schema validation passed
2026-06-14 02:53:24 | INFO     | pipeline.processor | Engineered 27 features
2026-06-14 02:53:24 | INFO     | main | Data processed: 20 rows, 29 features
2026-06-14 02:53:24 | INFO     | pipeline.storage | CSV (latest) saved: data/processed/football_data_latest.csv
2026-06-14 02:53:24 | INFO     | pipeline.storage | CSV (archive) saved: data/processed/football_data_2026-06-14.csv
2026-06-14 02:53:24 | WARNING  | pipeline.storage | Parquet engine (pyarrow/fastparquet) not installed — skipping Parquet output. Install pyarrow to enable: pip install pyarrow
2026-06-14 02:53:24 | INFO     | pipeline.reporter | Chart saved: reports/chart_points_table.png
2026-06-14 02:53:24 | INFO     | pipeline.reporter | Chart saved: reports/chart_attack_defence.png
2026-06-14 02:53:24 | INFO     | pipeline.reporter | Chart saved: reports/chart_pythagorean.png
2026-06-14 02:53:24 | INFO     | pipeline.reporter | HTML report saved: reports/pipeline_report.html
2026-06-14 02:53:24 | INFO     | main | ============================================================
2026-06-14 02:53:24 | INFO     | main |   PIPELINE COMPLETED SUCCESSFULLY
2026-06-14 02:53:24 | INFO     | main | ============================================================
2026-06-15 02:58:27 | INFO     | main | ============================================================
2026-06-15 02:58:27 | INFO     | main |   SPORTS DATA PIPELINE — STARTING RUN
2026-06-15 02:58:27 | INFO     | main | ============================================================
2026-06-15 02:58:27 | INFO     | main | Configuration loaded: sport=football
2026-06-15 02:58:27 | INFO     | pipeline.fetcher | Fetching football data: competition=PL
2026-06-15 02:58:29 | INFO     | pipeline.fetcher | Raw snapshot saved to data/raw/football_raw_2026-06-15.json
2026-06-15 02:58:29 | INFO     | main | Raw data fetched: 25 rows
2026-06-15 02:58:29 | INFO     | pipeline.processor | Processing football data
2026-06-15 02:58:29 | INFO     | pipeline.processor | Duplicates removed: 25 → 20 rows
2026-06-15 02:58:29 | INFO     | pipeline.processor | Schema validation passed
2026-06-15 02:58:29 | INFO     | pipeline.processor | Engineered 27 features
2026-06-15 02:58:29 | INFO     | main | Data processed: 20 rows, 29 features
2026-06-15 02:58:29 | INFO     | pipeline.storage | CSV (latest) saved: data/processed/football_data_latest.csv
2026-06-15 02:58:29 | INFO     | pipeline.storage | CSV (archive) saved: data/processed/football_data_2026-06-15.csv
2026-06-15 02:58:29 | WARNING  | pipeline.storage | Parquet engine (pyarrow/fastparquet) not installed — skipping Parquet output. Install pyarrow to enable: pip install pyarrow
2026-06-15 02:58:29 | INFO     | pipeline.reporter | Chart saved: reports/chart_points_table.png
2026-06-15 02:58:30 | INFO     | pipeline.reporter | Chart saved: reports/chart_attack_defence.png
2026-06-15 02:58:30 | INFO     | pipeline.reporter | Chart saved: reports/chart_pythagorean.png
2026-06-15 02:58:30 | INFO     | pipeline.reporter | HTML report saved: reports/pipeline_report.html
2026-06-15 02:58:30 | INFO     | main | ============================================================
2026-06-15 02:58:30 | INFO     | main |   PIPELINE COMPLETED SUCCESSFULLY
2026-06-15 02:58:30 | INFO     | main | ============================================================
2026-06-16 02:59:19 | INFO     | main | ============================================================
2026-06-16 02:59:19 | INFO     | main |   SPORTS DATA PIPELINE — STARTING RUN
2026-06-16 02:59:19 | INFO     | main | ============================================================
2026-06-16 02:59:19 | INFO     | main | Configuration loaded: sport=football
2026-06-16 02:59:19 | INFO     | pipeline.fetcher | Fetching football data: competition=PL
2026-06-16 02:59:23 | INFO     | pipeline.fetcher | Raw snapshot saved to data/raw/football_raw_2026-06-16.json
2026-06-16 02:59:23 | INFO     | main | Raw data fetched: 25 rows
2026-06-16 02:59:23 | INFO     | pipeline.processor | Processing football data
2026-06-16 02:59:23 | INFO     | pipeline.processor | Duplicates removed: 25 → 20 rows
2026-06-16 02:59:23 | INFO     | pipeline.processor | Schema validation passed
2026-06-16 02:59:23 | INFO     | pipeline.processor | Engineered 27 features
2026-06-16 02:59:23 | INFO     | main | Data processed: 20 rows, 29 features
2026-06-16 02:59:23 | INFO     | pipeline.storage | CSV (latest) saved: data/processed/football_data_latest.csv
2026-06-16 02:59:23 | INFO     | pipeline.storage | CSV (archive) saved: data/processed/football_data_2026-06-16.csv
2026-06-16 02:59:23 | WARNING  | pipeline.storage | Parquet engine (pyarrow/fastparquet) not installed — skipping Parquet output. Install pyarrow to enable: pip install pyarrow
2026-06-16 02:59:23 | INFO     | pipeline.reporter | Chart saved: reports/chart_points_table.png
2026-06-16 02:59:23 | INFO     | pipeline.reporter | Chart saved: reports/chart_attack_defence.png
2026-06-16 02:59:24 | INFO     | pipeline.reporter | Chart saved: reports/chart_pythagorean.png
2026-06-16 02:59:24 | INFO     | pipeline.reporter | HTML report saved: reports/pipeline_report.html
2026-06-16 02:59:24 | INFO     | main | ============================================================
2026-06-16 02:59:24 | INFO     | main |   PIPELINE COMPLETED SUCCESSFULLY
2026-06-16 02:59:24 | INFO     | main | ============================================================
2026-06-17 02:55:50 | INFO     | main | ============================================================
2026-06-17 02:55:50 | INFO     | main |   SPORTS DATA PIPELINE — STARTING RUN
2026-06-17 02:55:50 | INFO     | main | ============================================================
2026-06-17 02:55:50 | INFO     | main | Configuration loaded: sport=football
2026-06-17 02:55:50 | INFO     | pipeline.fetcher | Fetching football data: competition=PL
2026-06-17 02:55:53 | INFO     | pipeline.fetcher | Raw snapshot saved to data/raw/football_raw_2026-06-17.json
2026-06-17 02:55:53 | INFO     | main | Raw data fetched: 25 rows
2026-06-17 02:55:53 | INFO     | pipeline.processor | Processing football data
2026-06-17 02:55:53 | INFO     | pipeline.processor | Duplicates removed: 25 → 20 rows
2026-06-17 02:55:53 | INFO     | pipeline.processor | Schema validation passed
2026-06-17 02:55:53 | INFO     | pipeline.processor | Engineered 27 features
2026-06-17 02:55:53 | INFO     | main | Data processed: 20 rows, 29 features
2026-06-17 02:55:53 | INFO     | pipeline.storage | CSV (latest) saved: data/processed/football_data_latest.csv
2026-06-17 02:55:53 | INFO     | pipeline.storage | CSV (archive) saved: data/processed/football_data_2026-06-17.csv
2026-06-17 02:55:53 | WARNING  | pipeline.storage | Parquet engine (pyarrow/fastparquet) not installed — skipping Parquet output. Install pyarrow to enable: pip install pyarrow
2026-06-17 02:55:53 | INFO     | pipeline.reporter | Chart saved: reports/chart_points_table.png
2026-06-17 02:55:53 | INFO     | pipeline.reporter | Chart saved: reports/chart_attack_defence.png
2026-06-17 02:55:54 | INFO     | pipeline.reporter | Chart saved: reports/chart_pythagorean.png
2026-06-17 02:55:54 | INFO     | pipeline.reporter | HTML report saved: reports/pipeline_report.html
2026-06-17 02:55:54 | INFO     | main | ============================================================
2026-06-17 02:55:54 | INFO     | main |   PIPELINE COMPLETED SUCCESSFULLY
2026-06-17 02:55:54 | INFO     | main | ============================================================
2026-06-18 02:51:03 | INFO     | main | ============================================================
2026-06-18 02:51:03 | INFO     | main |   SPORTS DATA PIPELINE — STARTING RUN
2026-06-18 02:51:03 | INFO     | main | ============================================================
2026-06-18 02:51:03 | INFO     | main | Configuration loaded: sport=football
2026-06-18 02:51:03 | INFO     | pipeline.fetcher | Fetching football data: competition=PL
2026-06-18 02:51:07 | INFO     | pipeline.fetcher | Raw snapshot saved to data/raw/football_raw_2026-06-18.json
2026-06-18 02:51:07 | INFO     | main | Raw data fetched: 25 rows
2026-06-18 02:51:07 | INFO     | pipeline.processor | Processing football data
2026-06-18 02:51:07 | INFO     | pipeline.processor | Duplicates removed: 25 → 20 rows
2026-06-18 02:51:07 | INFO     | pipeline.processor | Schema validation passed
2026-06-18 02:51:07 | INFO     | pipeline.processor | Engineered 27 features
2026-06-18 02:51:07 | INFO     | main | Data processed: 20 rows, 29 features
2026-06-18 02:51:07 | INFO     | pipeline.storage | CSV (latest) saved: data/processed/football_data_latest.csv
2026-06-18 02:51:07 | INFO     | pipeline.storage | CSV (archive) saved: data/processed/football_data_2026-06-18.csv
2026-06-18 02:51:07 | WARNING  | pipeline.storage | Parquet engine (pyarrow/fastparquet) not installed — skipping Parquet output. Install pyarrow to enable: pip install pyarrow
2026-06-18 02:51:07 | INFO     | pipeline.reporter | Chart saved: reports/chart_points_table.png
2026-06-18 02:51:07 | INFO     | pipeline.reporter | Chart saved: reports/chart_attack_defence.png
2026-06-18 02:51:07 | INFO     | pipeline.reporter | Chart saved: reports/chart_pythagorean.png
2026-06-18 02:51:07 | INFO     | pipeline.reporter | HTML report saved: reports/pipeline_report.html
2026-06-18 02:51:07 | INFO     | main | ============================================================
2026-06-18 02:51:07 | INFO     | main |   PIPELINE COMPLETED SUCCESSFULLY
2026-06-18 02:51:07 | INFO     | main | ============================================================
2026-06-19 03:36:53 | INFO     | main | ============================================================
2026-06-19 03:36:53 | INFO     | main |   SPORTS DATA PIPELINE — STARTING RUN
2026-06-19 03:36:53 | INFO     | main | ============================================================
2026-06-19 03:36:53 | INFO     | main | Configuration loaded: sport=football
2026-06-19 03:36:53 | INFO     | pipeline.fetcher | Fetching football data: competition=PL
2026-06-19 03:36:57 | INFO     | pipeline.fetcher | Raw snapshot saved to data/raw/football_raw_2026-06-19.json
2026-06-19 03:36:57 | INFO     | main | Raw data fetched: 25 rows
2026-06-19 03:36:57 | INFO     | pipeline.processor | Processing football data
2026-06-19 03:36:57 | INFO     | pipeline.processor | Duplicates removed: 25 → 20 rows
2026-06-19 03:36:57 | INFO     | pipeline.processor | Schema validation passed
2026-06-19 03:36:57 | INFO     | pipeline.processor | Engineered 27 features
2026-06-19 03:36:57 | INFO     | main | Data processed: 20 rows, 29 features
2026-06-19 03:36:57 | INFO     | pipeline.storage | CSV (latest) saved: data/processed/football_data_latest.csv
2026-06-19 03:36:57 | INFO     | pipeline.storage | CSV (archive) saved: data/processed/football_data_2026-06-19.csv
2026-06-19 03:36:57 | WARNING  | pipeline.storage | Parquet engine (pyarrow/fastparquet) not installed — skipping Parquet output. Install pyarrow to enable: pip install pyarrow
2026-06-19 03:36:57 | INFO     | pipeline.reporter | Chart saved: reports/chart_points_table.png
2026-06-19 03:36:57 | INFO     | pipeline.reporter | Chart saved: reports/chart_attack_defence.png
2026-06-19 03:36:57 | INFO     | pipeline.reporter | Chart saved: reports/chart_pythagorean.png
2026-06-19 03:36:57 | INFO     | pipeline.reporter | HTML report saved: reports/pipeline_report.html
2026-06-19 03:36:57 | INFO     | main | ============================================================
2026-06-19 03:36:57 | INFO     | main |   PIPELINE COMPLETED SUCCESSFULLY
2026-06-19 03:36:57 | INFO     | main | ============================================================
2026-06-20 02:40:47 | INFO     | main | ============================================================
2026-06-20 02:40:47 | INFO     | main |   SPORTS DATA PIPELINE — STARTING RUN
2026-06-20 02:40:47 | INFO     | main | ============================================================
2026-06-20 02:40:47 | INFO     | main | Configuration loaded: sport=football
2026-06-20 02:40:47 | INFO     | pipeline.fetcher | Fetching football data: competition=PL
2026-06-20 02:40:48 | CRITICAL | pipeline.fetcher | Unexpected fetcher error: 'team_name'
Traceback (most recent call last):
  File "/home/runner/work/football-etl-pipeline/football-etl-pipeline/pipeline/fetcher.py", line 69, in fetch_all
    return handler()
           ^^^^^^^^^
  File "/home/runner/work/football-etl-pipeline/football-etl-pipeline/pipeline/fetcher.py", line 99, in _fetch_football
    df = standings_df.merge(
         ^^^^^^^^^^^^^^^^^^^
  File "/opt/hostedtoolcache/Python/3.11.15/x64/lib/python3.11/site-packages/pandas/core/frame.py", line 12900, in merge
    return merge(
           ^^^^^^
  File "/opt/hostedtoolcache/Python/3.11.15/x64/lib/python3.11/site-packages/pandas/core/reshape/merge.py", line 385, in merge
    op = _MergeOperation(
         ^^^^^^^^^^^^^^^^
  File "/opt/hostedtoolcache/Python/3.11.15/x64/lib/python3.11/site-packages/pandas/core/reshape/merge.py", line 1018, in __init__
    ) = self._get_merge_keys()
        ^^^^^^^^^^^^^^^^^^^^^^
  File "/opt/hostedtoolcache/Python/3.11.15/x64/lib/python3.11/site-packages/pandas/core/reshape/merge.py", line 1620, in _get_merge_keys
    right_keys.append(right._get_label_or_level_values(rk))
                      ^^^^^^^^^^^^^^^^^^^^^^^^^^^^^^^^^^^^
  File "/opt/hostedtoolcache/Python/3.11.15/x64/lib/python3.11/site-packages/pandas/core/generic.py", line 1776, in _get_label_or_level_values
    raise KeyError(key)
KeyError: 'team_name'
2026-06-20 02:40:48 | WARNING  | pipeline.fetcher | API failed — loading fallback data: data/processed/football_data_latest.csv
2026-06-20 02:40:48 | INFO     | main | Raw data fetched: 20 rows
2026-06-20 02:40:48 | INFO     | pipeline.processor | Processing football data
2026-06-20 02:40:48 | INFO     | pipeline.processor | Duplicates removed: 20 → 20 rows
2026-06-20 02:40:48 | INFO     | pipeline.processor | Schema validation passed
2026-06-20 02:40:48 | INFO     | pipeline.processor | Engineered 29 features
2026-06-20 02:40:48 | INFO     | main | Data processed: 20 rows, 29 features
2026-06-20 02:40:48 | INFO     | pipeline.storage | CSV (latest) saved: data/processed/football_data_latest.csv
2026-06-20 02:40:48 | INFO     | pipeline.storage | CSV (archive) saved: data/processed/football_data_2026-06-20.csv
2026-06-20 02:40:48 | WARNING  | pipeline.storage | Parquet engine (pyarrow/fastparquet) not installed — skipping Parquet output. Install pyarrow to enable: pip install pyarrow
2026-06-20 02:40:48 | INFO     | pipeline.reporter | Chart saved: reports/chart_points_table.png
2026-06-20 02:40:48 | INFO     | pipeline.reporter | Chart saved: reports/chart_attack_defence.png
2026-06-20 02:40:49 | INFO     | pipeline.reporter | Chart saved: reports/chart_pythagorean.png
2026-06-20 02:40:49 | INFO     | pipeline.reporter | HTML report saved: reports/pipeline_report.html
2026-06-20 02:40:49 | INFO     | main | ============================================================
2026-06-20 02:40:49 | INFO     | main |   PIPELINE COMPLETED SUCCESSFULLY
2026-06-20 02:40:49 | INFO     | main | ============================================================
2026-06-21 02:56:53 | INFO     | main | ============================================================
2026-06-21 02:56:53 | INFO     | main |   SPORTS DATA PIPELINE — STARTING RUN
2026-06-21 02:56:53 | INFO     | main | ============================================================
2026-06-21 02:56:53 | INFO     | main | Configuration loaded: sport=football
2026-06-21 02:56:53 | INFO     | pipeline.fetcher | Fetching football data: competition=PL
2026-06-21 02:56:53 | CRITICAL | pipeline.fetcher | Unexpected fetcher error: 'team_name'
Traceback (most recent call last):
  File "/home/runner/work/football-etl-pipeline/football-etl-pipeline/pipeline/fetcher.py", line 69, in fetch_all
    return handler()
           ^^^^^^^^^
  File "/home/runner/work/football-etl-pipeline/football-etl-pipeline/pipeline/fetcher.py", line 99, in _fetch_football
    df = standings_df.merge(
         ^^^^^^^^^^^^^^^^^^^
  File "/opt/hostedtoolcache/Python/3.11.15/x64/lib/python3.11/site-packages/pandas/core/frame.py", line 12900, in merge
    return merge(
           ^^^^^^
  File "/opt/hostedtoolcache/Python/3.11.15/x64/lib/python3.11/site-packages/pandas/core/reshape/merge.py", line 385, in merge
    op = _MergeOperation(
         ^^^^^^^^^^^^^^^^
  File "/opt/hostedtoolcache/Python/3.11.15/x64/lib/python3.11/site-packages/pandas/core/reshape/merge.py", line 1018, in __init__
    ) = self._get_merge_keys()
        ^^^^^^^^^^^^^^^^^^^^^^
  File "/opt/hostedtoolcache/Python/3.11.15/x64/lib/python3.11/site-packages/pandas/core/reshape/merge.py", line 1620, in _get_merge_keys
    right_keys.append(right._get_label_or_level_values(rk))
                      ^^^^^^^^^^^^^^^^^^^^^^^^^^^^^^^^^^^^
  File "/opt/hostedtoolcache/Python/3.11.15/x64/lib/python3.11/site-packages/pandas/core/generic.py", line 1776, in _get_label_or_level_values
    raise KeyError(key)
KeyError: 'team_name'
2026-06-21 02:56:53 | WARNING  | pipeline.fetcher | API failed — loading fallback data: data/processed/football_data_latest.csv
2026-06-21 02:56:53 | INFO     | main | Raw data fetched: 20 rows
2026-06-21 02:56:53 | INFO     | pipeline.processor | Processing football data
2026-06-21 02:56:53 | INFO     | pipeline.processor | Duplicates removed: 20 → 20 rows
2026-06-21 02:56:54 | INFO     | pipeline.processor | Schema validation passed
2026-06-21 02:56:54 | INFO     | pipeline.processor | Engineered 29 features
2026-06-21 02:56:54 | INFO     | main | Data processed: 20 rows, 29 features
2026-06-21 02:56:54 | INFO     | pipeline.storage | CSV (latest) saved: data/processed/football_data_latest.csv
2026-06-21 02:56:54 | INFO     | pipeline.storage | CSV (archive) saved: data/processed/football_data_2026-06-21.csv
2026-06-21 02:56:54 | WARNING  | pipeline.storage | Parquet engine (pyarrow/fastparquet) not installed — skipping Parquet output. Install pyarrow to enable: pip install pyarrow
2026-06-21 02:56:54 | INFO     | pipeline.reporter | Chart saved: reports/chart_points_table.png
2026-06-21 02:56:54 | INFO     | pipeline.reporter | Chart saved: reports/chart_attack_defence.png
2026-06-21 02:56:54 | INFO     | pipeline.reporter | Chart saved: reports/chart_pythagorean.png
2026-06-21 02:56:54 | INFO     | pipeline.reporter | HTML report saved: reports/pipeline_report.html
2026-06-21 02:56:54 | INFO     | main | ============================================================
2026-06-21 02:56:54 | INFO     | main |   PIPELINE COMPLETED SUCCESSFULLY
2026-06-21 02:56:54 | INFO     | main | ============================================================
2026-06-22 02:59:45 | INFO     | main | ============================================================
2026-06-22 02:59:45 | INFO     | main |   SPORTS DATA PIPELINE — STARTING RUN
2026-06-22 02:59:45 | INFO     | main | ============================================================
2026-06-22 02:59:45 | INFO     | main | Configuration loaded: sport=football
2026-06-22 02:59:45 | INFO     | pipeline.fetcher | Fetching football data: competition=PL
2026-06-22 02:59:46 | CRITICAL | pipeline.fetcher | Unexpected fetcher error: 'team_name'
Traceback (most recent call last):
  File "/home/runner/work/football-etl-pipeline/football-etl-pipeline/pipeline/fetcher.py", line 69, in fetch_all
    return handler()
           ^^^^^^^^^
  File "/home/runner/work/football-etl-pipeline/football-etl-pipeline/pipeline/fetcher.py", line 99, in _fetch_football
    df = standings_df.merge(
         ^^^^^^^^^^^^^^^^^^^
  File "/opt/hostedtoolcache/Python/3.11.15/x64/lib/python3.11/site-packages/pandas/core/frame.py", line 12900, in merge
    return merge(
           ^^^^^^
  File "/opt/hostedtoolcache/Python/3.11.15/x64/lib/python3.11/site-packages/pandas/core/reshape/merge.py", line 385, in merge
    op = _MergeOperation(
         ^^^^^^^^^^^^^^^^
  File "/opt/hostedtoolcache/Python/3.11.15/x64/lib/python3.11/site-packages/pandas/core/reshape/merge.py", line 1018, in __init__
    ) = self._get_merge_keys()
        ^^^^^^^^^^^^^^^^^^^^^^
  File "/opt/hostedtoolcache/Python/3.11.15/x64/lib/python3.11/site-packages/pandas/core/reshape/merge.py", line 1620, in _get_merge_keys
    right_keys.append(right._get_label_or_level_values(rk))
                      ^^^^^^^^^^^^^^^^^^^^^^^^^^^^^^^^^^^^
  File "/opt/hostedtoolcache/Python/3.11.15/x64/lib/python3.11/site-packages/pandas/core/generic.py", line 1776, in _get_label_or_level_values
    raise KeyError(key)
KeyError: 'team_name'
2026-06-22 02:59:46 | WARNING  | pipeline.fetcher | API failed — loading fallback data: data/processed/football_data_latest.csv
2026-06-22 02:59:46 | INFO     | main | Raw data fetched: 20 rows
2026-06-22 02:59:46 | INFO     | pipeline.processor | Processing football data
2026-06-22 02:59:46 | INFO     | pipeline.processor | Duplicates removed: 20 → 20 rows
2026-06-22 02:59:46 | INFO     | pipeline.processor | Schema validation passed
2026-06-22 02:59:46 | INFO     | pipeline.processor | Engineered 29 features
2026-06-22 02:59:46 | INFO     | main | Data processed: 20 rows, 29 features
2026-06-22 02:59:46 | INFO     | pipeline.storage | CSV (latest) saved: data/processed/football_data_latest.csv
2026-06-22 02:59:46 | INFO     | pipeline.storage | CSV (archive) saved: data/processed/football_data_2026-06-22.csv
2026-06-22 02:59:46 | WARNING  | pipeline.storage | Parquet engine (pyarrow/fastparquet) not installed — skipping Parquet output. Install pyarrow to enable: pip install pyarrow
2026-06-22 02:59:46 | INFO     | pipeline.reporter | Chart saved: reports/chart_points_table.png
2026-06-22 02:59:46 | INFO     | pipeline.reporter | Chart saved: reports/chart_attack_defence.png
2026-06-22 02:59:46 | INFO     | pipeline.reporter | Chart saved: reports/chart_pythagorean.png
2026-06-22 02:59:46 | INFO     | pipeline.reporter | HTML report saved: reports/pipeline_report.html
2026-06-22 02:59:46 | INFO     | main | ============================================================
2026-06-22 02:59:46 | INFO     | main |   PIPELINE COMPLETED SUCCESSFULLY
2026-06-22 02:59:46 | INFO     | main | ============================================================
